NR114924.257984.Bac	NR114924.257984.Bac	100.000	1478	0	0	1	1478	1	1478	0.0	2726
NR114924.257984.Bac	NR025613.257984.Bac	99.865	1478	1	1	1	1478	10	1486	0.0	2719
NR114924.257984.Bac	NR074608.861360.Bac	99.121	1479	11	2	1	1478	23	1500	0.0	2660
NR114924.257984.Bac	NR156872.1933880.Bac	99.122	1480	9	3	1	1478	23	1500	0.0	2658
NR114924.257984.Bac	NR026190.37929.Bac	99.179	1461	10	2	1	1461	14	1472	0.0	2634
NR114924.257984.Bac	NR026195.37930.Bac	98.905	1461	15	1	1	1461	14	1473	0.0	2610
NR114924.257984.Bac	NR025611.861360.Bac	98.966	1451	12	3	1	1449	10	1459	0.0	2597
NR114924.257984.Bac	NR136480.1522174.Bac	98.179	1483	19	6	1	1478	28	1507	0.0	2584
NR114924.257984.Bac	NR114901.225894.Bac	98.158	1466	24	3	1	1464	21	1485	0.0	2556
NR114924.257984.Bac	NR025612.256702.Bac	98.219	1460	24	2	1	1459	10	1468	0.0	2553
NR025123.135626.Bac	NR025123.135626.Bac	100.000	1459	0	0	1	1459	1	1459	0.0	2695
NR025123.135626.Bac	NR137217.934143.Bac	97.673	1461	32	2	1	1459	8	1468	0.0	2510
NR025123.135626.Bac	NR041913.93973.Bac	97.190	1459	39	2	1	1459	3	1459	0.0	2468
NR025123.135626.Bac	NR025012.93973.Bac	96.623	1451	45	4	10	1459	1	1448	0.0	2409
NR025123.135626.Bac	NR042846.238836.Bac	96.038	1464	49	8	1	1459	29	1488	0.0	2374
NR025123.135626.Bac	NR114234.93973.Bac	96.937	1404	41	2	57	1459	1	1403	0.0	2353
NR025123.135626.Bac	NR149298.640633.Bac	95.281	1441	64	4	19	1457	1	1439	0.0	2281
NR025123.135626.Bac	NR029070.220752.Bac	94.863	1460	71	4	1	1459	8	1464	0.0	2278
NR025123.135626.Bac	NR025443.150120.Bac	94.668	1463	68	10	1	1459	9	1465	0.0	2263
NR025123.135626.Bac	NR042710.518738.Bac	94.668	1463	68	10	1	1459	9	1465	0.0	2263
